<?xml version="1.0" encoding="UTF-8"?>
<!-- Generated by org.testng.reporters.JUnitReportReporter -->
<testsuite hostname="HiccupDaDrgn" failures="0" tests="4" name="com.seleniumGrid.tests.SeleniumGridParallelTest" time="41.255" errors="0" timestamp="2020-12-24T15:06:37 PKT" skipped="0">
  <testcase classname="com.seleniumGrid.tests.SeleniumGridParallelTest" name="appleSite" time="12.298"/>
  <system-out/>
  <testcase classname="com.seleniumGrid.tests.SeleniumGridParallelTest" name="appleSite" time="9.192"/>
  <system-out/>
  <testcase classname="com.seleniumGrid.tests.SeleniumGridParallelTest" name="appleSite" time="7.273"/>
  <system-out/>
  <testcase classname="com.seleniumGrid.tests.SeleniumGridParallelTest" name="appleSite" time="12.492"/>
  <system-out/>
</testsuite> <!-- com.seleniumGrid.tests.SeleniumGridParallelTest -->
